demo3[INFO] 2019-01-30 00:10:30,467: Starting demo script 3 using:
demo3[INFO] 2019-01-30 00:10:30,468:     - Galaxy is bulge plus disk, flux = 1.0e+06
demo3[INFO] 2019-01-30 00:10:30,470:        - Bulge is Sersic (n = 3.5, re = 2.30), frac = 0.3
demo3[INFO] 2019-01-30 00:10:30,472:        - Disk is Sersic (n = 1.5, r0 = 0.85), frac = 0.7
demo3[INFO] 2019-01-30 00:10:30,473:        - Shape is q,beta (0.73,23.00 deg)
demo3[INFO] 2019-01-30 00:10:30,475:     - Atmospheric PSF is Kolmogorov with fwhm = 2.10
demo3[INFO] 2019-01-30 00:10:30,477:        - Shape is e,beta (0.13,0.81 rad)
demo3[INFO] 2019-01-30 00:10:30,478:     - Optical PSF has defocus = 0.53, astigmatism = (-0.29,0.12),
demo3[INFO] 2019-01-30 00:10:30,479:           coma = (0.64,-0.33), lambda = 800 nm, D = 4.0 m
demo3[INFO] 2019-01-30 00:10:30,481:           obscuration linear size = 0.3
demo3[INFO] 2019-01-30 00:10:30,483:     - pixel scale = 0.23,
demo3[INFO] 2019-01-30 00:10:30,484:     - WCS distortion = (-0.02,0.01),
demo3[INFO] 2019-01-30 00:10:30,486:     - Poisson noise (sky level = 2.5e+04, gain = 1.7).
demo3[INFO] 2019-01-30 00:10:30,488:     - Gaussian read noise (sigma = 0.30).
demo3[INFO] 2019-01-30 00:10:31,444: Wrote image to 'output/demo3.fits'
demo3[INFO] 2019-01-30 00:10:31,446: Wrote effective PSF image to 'output/demo3_epsf.fits'
demo3[INFO] 2019-01-30 00:10:31,448: Wrote optics-only PSF image (Nyquist sampled) to 'output/demo3_opticalpsf.fits'
demo3[INFO] 2019-01-30 00:10:31,461: HSM reports that the image has observed shape and size:
demo3[INFO] 2019-01-30 00:10:31,463:     e1 = 0.099, e2 = 0.193, sigma = 9.282 (pixels)
demo3[INFO] 2019-01-30 00:10:31,465: When carrying out Regaussianization PSF correction, HSM reports
demo3[INFO] 2019-01-30 00:10:31,466:     e1, e2 = 0.176, 0.240
demo3[INFO] 2019-01-30 00:10:31,468: Expected values in the limit that noise and non-Gaussianity are negligible:
demo3[INFO] 2019-01-30 00:10:31,469:     e1, e2 = 0.172, 0.240
demo3[INFO] 2019-01-30 00:14:33,074: Starting demo script 3 using:
demo3[INFO] 2019-01-30 00:14:33,074: Starting demo script 3 using:
demo3[INFO] 2019-01-30 00:14:33,075:     - Galaxy is bulge plus disk, flux = 1.0e+06
demo3[INFO] 2019-01-30 00:14:33,075:     - Galaxy is bulge plus disk, flux = 1.0e+06
demo3[INFO] 2019-01-30 00:14:33,076:        - Bulge is Sersic (n = 3.5, re = 2.30), frac = 0.3
demo3[INFO] 2019-01-30 00:14:33,076:        - Bulge is Sersic (n = 3.5, re = 2.30), frac = 0.3
demo3[INFO] 2019-01-30 00:14:33,078:        - Disk is Sersic (n = 1.5, r0 = 0.85), frac = 0.7
demo3[INFO] 2019-01-30 00:14:33,078:        - Disk is Sersic (n = 1.5, r0 = 0.85), frac = 0.7
demo3[INFO] 2019-01-30 00:14:33,080:        - Shape is q,beta (0.73,23.00 deg)
demo3[INFO] 2019-01-30 00:14:33,080:        - Shape is q,beta (0.73,23.00 deg)
demo3[INFO] 2019-01-30 00:14:33,081:     - Atmospheric PSF is Kolmogorov with fwhm = 2.10
demo3[INFO] 2019-01-30 00:14:33,081:     - Atmospheric PSF is Kolmogorov with fwhm = 2.10
demo3[INFO] 2019-01-30 00:14:33,083:        - Shape is e,beta (0.13,0.81 rad)
demo3[INFO] 2019-01-30 00:14:33,083:        - Shape is e,beta (0.13,0.81 rad)
demo3[INFO] 2019-01-30 00:14:33,085:     - Optical PSF has defocus = 0.53, astigmatism = (-0.29,0.12),
demo3[INFO] 2019-01-30 00:14:33,085:     - Optical PSF has defocus = 0.53, astigmatism = (-0.29,0.12),
demo3[INFO] 2019-01-30 00:14:33,086:           coma = (0.64,-0.33), lambda = 800 nm, D = 4.0 m
demo3[INFO] 2019-01-30 00:14:33,086:           coma = (0.64,-0.33), lambda = 800 nm, D = 4.0 m
demo3[INFO] 2019-01-30 00:14:33,088:           obscuration linear size = 0.3
demo3[INFO] 2019-01-30 00:14:33,088:           obscuration linear size = 0.3
demo3[INFO] 2019-01-30 00:14:33,089:     - pixel scale = 0.23,
demo3[INFO] 2019-01-30 00:14:33,089:     - pixel scale = 0.23,
demo3[INFO] 2019-01-30 00:14:33,091:     - WCS distortion = (-0.02,0.01),
demo3[INFO] 2019-01-30 00:14:33,091:     - WCS distortion = (-0.02,0.01),
demo3[INFO] 2019-01-30 00:14:33,093:     - Poisson noise (sky level = 2.5e+04, gain = 1.7).
demo3[INFO] 2019-01-30 00:14:33,093:     - Poisson noise (sky level = 2.5e+04, gain = 1.7).
demo3[INFO] 2019-01-30 00:14:33,094:     - Gaussian read noise (sigma = 0.30).
demo3[INFO] 2019-01-30 00:14:33,094:     - Gaussian read noise (sigma = 0.30).
demo3[INFO] 2019-01-30 00:14:33,620: Wrote image to 'output/demo3.fits'
demo3[INFO] 2019-01-30 00:14:33,620: Wrote image to 'output/demo3.fits'
demo3[INFO] 2019-01-30 00:14:33,621: Wrote effective PSF image to 'output/demo3_epsf.fits'
demo3[INFO] 2019-01-30 00:14:33,621: Wrote effective PSF image to 'output/demo3_epsf.fits'
demo3[INFO] 2019-01-30 00:14:33,623: Wrote optics-only PSF image (Nyquist sampled) to 'output/demo3_opticalpsf.fits'
demo3[INFO] 2019-01-30 00:14:33,623: Wrote optics-only PSF image (Nyquist sampled) to 'output/demo3_opticalpsf.fits'
demo3[INFO] 2019-01-30 00:14:33,634: HSM reports that the image has observed shape and size:
demo3[INFO] 2019-01-30 00:14:33,634: HSM reports that the image has observed shape and size:
demo3[INFO] 2019-01-30 00:14:33,636:     e1 = 0.099, e2 = 0.193, sigma = 9.282 (pixels)
demo3[INFO] 2019-01-30 00:14:33,636:     e1 = 0.099, e2 = 0.193, sigma = 9.282 (pixels)
demo3[INFO] 2019-01-30 00:14:33,651: When carrying out Regaussianization PSF correction, HSM reports
demo3[INFO] 2019-01-30 00:14:33,651: When carrying out Regaussianization PSF correction, HSM reports
demo3[INFO] 2019-01-30 00:14:33,657:     e1, e2 = 0.176, 0.240
demo3[INFO] 2019-01-30 00:14:33,657:     e1, e2 = 0.176, 0.240
demo3[INFO] 2019-01-30 00:14:33,659: Expected values in the limit that noise and non-Gaussianity are negligible:
demo3[INFO] 2019-01-30 00:14:33,659: Expected values in the limit that noise and non-Gaussianity are negligible:
demo3[INFO] 2019-01-30 00:14:33,661:     e1, e2 = 0.172, 0.240
demo3[INFO] 2019-01-30 00:14:33,661:     e1, e2 = 0.172, 0.240
demo3[INFO] 2019-01-30 00:15:03,331: Starting demo script 3 using:
demo3[INFO] 2019-01-30 00:15:03,331: Starting demo script 3 using:
demo3[INFO] 2019-01-30 00:15:03,331: Starting demo script 3 using:
demo3[INFO] 2019-01-30 00:15:03,333:     - Galaxy is bulge plus disk, flux = 1.0e+06
demo3[INFO] 2019-01-30 00:15:03,333:     - Galaxy is bulge plus disk, flux = 1.0e+06
demo3[INFO] 2019-01-30 00:15:03,333:     - Galaxy is bulge plus disk, flux = 1.0e+06
demo3[INFO] 2019-01-30 00:15:03,335:        - Bulge is Sersic (n = 3.5, re = 2.30), frac = 0.3
demo3[INFO] 2019-01-30 00:15:03,335:        - Bulge is Sersic (n = 3.5, re = 2.30), frac = 0.3
demo3[INFO] 2019-01-30 00:15:03,335:        - Bulge is Sersic (n = 3.5, re = 2.30), frac = 0.3
demo3[INFO] 2019-01-30 00:15:03,336:        - Disk is Sersic (n = 1.5, r0 = 0.85), frac = 0.7
demo3[INFO] 2019-01-30 00:15:03,336:        - Disk is Sersic (n = 1.5, r0 = 0.85), frac = 0.7
demo3[INFO] 2019-01-30 00:15:03,336:        - Disk is Sersic (n = 1.5, r0 = 0.85), frac = 0.7
demo3[INFO] 2019-01-30 00:15:03,338:        - Shape is q,beta (0.73,23.00 deg)
demo3[INFO] 2019-01-30 00:15:03,338:        - Shape is q,beta (0.73,23.00 deg)
demo3[INFO] 2019-01-30 00:15:03,338:        - Shape is q,beta (0.73,23.00 deg)
demo3[INFO] 2019-01-30 00:15:03,340:     - Atmospheric PSF is Kolmogorov with fwhm = 2.10
demo3[INFO] 2019-01-30 00:15:03,340:     - Atmospheric PSF is Kolmogorov with fwhm = 2.10
demo3[INFO] 2019-01-30 00:15:03,340:     - Atmospheric PSF is Kolmogorov with fwhm = 2.10
demo3[INFO] 2019-01-30 00:15:03,342:        - Shape is e,beta (0.13,0.81 rad)
demo3[INFO] 2019-01-30 00:15:03,342:        - Shape is e,beta (0.13,0.81 rad)
demo3[INFO] 2019-01-30 00:15:03,342:        - Shape is e,beta (0.13,0.81 rad)
demo3[INFO] 2019-01-30 00:15:03,344:     - Optical PSF has defocus = 0.53, astigmatism = (-0.29,0.12),
demo3[INFO] 2019-01-30 00:15:03,344:     - Optical PSF has defocus = 0.53, astigmatism = (-0.29,0.12),
demo3[INFO] 2019-01-30 00:15:03,344:     - Optical PSF has defocus = 0.53, astigmatism = (-0.29,0.12),
demo3[INFO] 2019-01-30 00:15:03,345:           coma = (0.64,-0.33), lambda = 800 nm, D = 4.0 m
demo3[INFO] 2019-01-30 00:15:03,345:           coma = (0.64,-0.33), lambda = 800 nm, D = 4.0 m
demo3[INFO] 2019-01-30 00:15:03,345:           coma = (0.64,-0.33), lambda = 800 nm, D = 4.0 m
demo3[INFO] 2019-01-30 00:15:03,347:           obscuration linear size = 0.3
demo3[INFO] 2019-01-30 00:15:03,347:           obscuration linear size = 0.3
demo3[INFO] 2019-01-30 00:15:03,347:           obscuration linear size = 0.3
demo3[INFO] 2019-01-30 00:15:03,349:     - pixel scale = 0.23,
demo3[INFO] 2019-01-30 00:15:03,349:     - pixel scale = 0.23,
demo3[INFO] 2019-01-30 00:15:03,349:     - pixel scale = 0.23,
demo3[INFO] 2019-01-30 00:15:03,350:     - WCS distortion = (-0.02,0.01),
demo3[INFO] 2019-01-30 00:15:03,350:     - WCS distortion = (-0.02,0.01),
demo3[INFO] 2019-01-30 00:15:03,350:     - WCS distortion = (-0.02,0.01),
demo3[INFO] 2019-01-30 00:15:03,352:     - Poisson noise (sky level = 2.5e+04, gain = 1.7).
demo3[INFO] 2019-01-30 00:15:03,352:     - Poisson noise (sky level = 2.5e+04, gain = 1.7).
demo3[INFO] 2019-01-30 00:15:03,352:     - Poisson noise (sky level = 2.5e+04, gain = 1.7).
demo3[INFO] 2019-01-30 00:15:03,354:     - Gaussian read noise (sigma = 0.30).
demo3[INFO] 2019-01-30 00:15:03,354:     - Gaussian read noise (sigma = 0.30).
demo3[INFO] 2019-01-30 00:15:03,354:     - Gaussian read noise (sigma = 0.30).
demo3[INFO] 2019-01-30 00:15:03,904: Wrote image to 'output/demo3.fits'
demo3[INFO] 2019-01-30 00:15:03,904: Wrote image to 'output/demo3.fits'
demo3[INFO] 2019-01-30 00:15:03,904: Wrote image to 'output/demo3.fits'
demo3[INFO] 2019-01-30 00:15:03,906: Wrote effective PSF image to 'output/demo3_epsf.fits'
demo3[INFO] 2019-01-30 00:15:03,906: Wrote effective PSF image to 'output/demo3_epsf.fits'
demo3[INFO] 2019-01-30 00:15:03,906: Wrote effective PSF image to 'output/demo3_epsf.fits'
demo3[INFO] 2019-01-30 00:15:03,907: Wrote optics-only PSF image (Nyquist sampled) to 'output/demo3_opticalpsf.fits'
demo3[INFO] 2019-01-30 00:15:03,907: Wrote optics-only PSF image (Nyquist sampled) to 'output/demo3_opticalpsf.fits'
demo3[INFO] 2019-01-30 00:15:03,907: Wrote optics-only PSF image (Nyquist sampled) to 'output/demo3_opticalpsf.fits'
demo3[INFO] 2019-01-30 00:15:03,917: HSM reports that the image has observed shape and size:
demo3[INFO] 2019-01-30 00:15:03,917: HSM reports that the image has observed shape and size:
demo3[INFO] 2019-01-30 00:15:03,917: HSM reports that the image has observed shape and size:
demo3[INFO] 2019-01-30 00:15:03,919:     e1 = 0.099, e2 = 0.193, sigma = 9.282 (pixels)
demo3[INFO] 2019-01-30 00:15:03,919:     e1 = 0.099, e2 = 0.193, sigma = 9.282 (pixels)
demo3[INFO] 2019-01-30 00:15:03,919:     e1 = 0.099, e2 = 0.193, sigma = 9.282 (pixels)
demo3[INFO] 2019-01-30 00:15:03,921: When carrying out Regaussianization PSF correction, HSM reports
demo3[INFO] 2019-01-30 00:15:03,921: When carrying out Regaussianization PSF correction, HSM reports
demo3[INFO] 2019-01-30 00:15:03,921: When carrying out Regaussianization PSF correction, HSM reports
demo3[INFO] 2019-01-30 00:15:03,922:     e1, e2 = 0.176, 0.240
demo3[INFO] 2019-01-30 00:15:03,922:     e1, e2 = 0.176, 0.240
demo3[INFO] 2019-01-30 00:15:03,922:     e1, e2 = 0.176, 0.240
demo3[INFO] 2019-01-30 00:15:03,923: Expected values in the limit that noise and non-Gaussianity are negligible:
demo3[INFO] 2019-01-30 00:15:03,923: Expected values in the limit that noise and non-Gaussianity are negligible:
demo3[INFO] 2019-01-30 00:15:03,923: Expected values in the limit that noise and non-Gaussianity are negligible:
demo3[INFO] 2019-01-30 00:15:03,925:     e1, e2 = 0.172, 0.240
demo3[INFO] 2019-01-30 00:15:03,925:     e1, e2 = 0.172, 0.240
demo3[INFO] 2019-01-30 00:15:03,925:     e1, e2 = 0.172, 0.240
demo3[INFO] 2019-01-30 09:33:34,656: Starting demo script 3 using:
demo3[INFO] 2019-01-30 09:33:34,656: Starting demo script 3 using:
demo3[INFO] 2019-01-30 09:33:34,656: Starting demo script 3 using:
demo3[INFO] 2019-01-30 09:33:34,656: Starting demo script 3 using:
demo3[INFO] 2019-01-30 09:33:34,664:     - Galaxy is bulge plus disk, flux = 1.0e+06
demo3[INFO] 2019-01-30 09:33:34,664:     - Galaxy is bulge plus disk, flux = 1.0e+06
demo3[INFO] 2019-01-30 09:33:34,664:     - Galaxy is bulge plus disk, flux = 1.0e+06
demo3[INFO] 2019-01-30 09:33:34,664:     - Galaxy is bulge plus disk, flux = 1.0e+06
demo3[INFO] 2019-01-30 09:33:34,666:        - Bulge is Sersic (n = 1.0, re = 2.30), frac = 0.3
demo3[INFO] 2019-01-30 09:33:34,666:        - Bulge is Sersic (n = 1.0, re = 2.30), frac = 0.3
demo3[INFO] 2019-01-30 09:33:34,666:        - Bulge is Sersic (n = 1.0, re = 2.30), frac = 0.3
demo3[INFO] 2019-01-30 09:33:34,666:        - Bulge is Sersic (n = 1.0, re = 2.30), frac = 0.3
demo3[INFO] 2019-01-30 09:33:34,667:        - Disk is Sersic (n = 1.5, r0 = 0.85), frac = 0.7
demo3[INFO] 2019-01-30 09:33:34,667:        - Disk is Sersic (n = 1.5, r0 = 0.85), frac = 0.7
demo3[INFO] 2019-01-30 09:33:34,667:        - Disk is Sersic (n = 1.5, r0 = 0.85), frac = 0.7
demo3[INFO] 2019-01-30 09:33:34,667:        - Disk is Sersic (n = 1.5, r0 = 0.85), frac = 0.7
demo3[INFO] 2019-01-30 09:33:34,669:        - Shape is q,beta (0.73,23.00 deg)
demo3[INFO] 2019-01-30 09:33:34,669:        - Shape is q,beta (0.73,23.00 deg)
demo3[INFO] 2019-01-30 09:33:34,669:        - Shape is q,beta (0.73,23.00 deg)
demo3[INFO] 2019-01-30 09:33:34,669:        - Shape is q,beta (0.73,23.00 deg)
demo3[INFO] 2019-01-30 09:33:34,674:     - Atmospheric PSF is Kolmogorov with fwhm = 2.10
demo3[INFO] 2019-01-30 09:33:34,674:     - Atmospheric PSF is Kolmogorov with fwhm = 2.10
demo3[INFO] 2019-01-30 09:33:34,674:     - Atmospheric PSF is Kolmogorov with fwhm = 2.10
demo3[INFO] 2019-01-30 09:33:34,674:     - Atmospheric PSF is Kolmogorov with fwhm = 2.10
demo3[INFO] 2019-01-30 09:33:34,676:        - Shape is e,beta (0.13,0.81 rad)
demo3[INFO] 2019-01-30 09:33:34,676:        - Shape is e,beta (0.13,0.81 rad)
demo3[INFO] 2019-01-30 09:33:34,676:        - Shape is e,beta (0.13,0.81 rad)
demo3[INFO] 2019-01-30 09:33:34,676:        - Shape is e,beta (0.13,0.81 rad)
demo3[INFO] 2019-01-30 09:33:34,677:     - Optical PSF has defocus = 0.53, astigmatism = (-0.29,0.12),
demo3[INFO] 2019-01-30 09:33:34,677:     - Optical PSF has defocus = 0.53, astigmatism = (-0.29,0.12),
demo3[INFO] 2019-01-30 09:33:34,677:     - Optical PSF has defocus = 0.53, astigmatism = (-0.29,0.12),
demo3[INFO] 2019-01-30 09:33:34,677:     - Optical PSF has defocus = 0.53, astigmatism = (-0.29,0.12),
demo3[INFO] 2019-01-30 09:33:34,679:           coma = (0.64,-0.33), lambda = 800 nm, D = 4.0 m
demo3[INFO] 2019-01-30 09:33:34,679:           coma = (0.64,-0.33), lambda = 800 nm, D = 4.0 m
demo3[INFO] 2019-01-30 09:33:34,679:           coma = (0.64,-0.33), lambda = 800 nm, D = 4.0 m
demo3[INFO] 2019-01-30 09:33:34,679:           coma = (0.64,-0.33), lambda = 800 nm, D = 4.0 m
demo3[INFO] 2019-01-30 09:33:34,680:           obscuration linear size = 0.3
demo3[INFO] 2019-01-30 09:33:34,680:           obscuration linear size = 0.3
demo3[INFO] 2019-01-30 09:33:34,680:           obscuration linear size = 0.3
demo3[INFO] 2019-01-30 09:33:34,680:           obscuration linear size = 0.3
demo3[INFO] 2019-01-30 09:33:34,682:     - pixel scale = 0.23,
demo3[INFO] 2019-01-30 09:33:34,682:     - pixel scale = 0.23,
demo3[INFO] 2019-01-30 09:33:34,682:     - pixel scale = 0.23,
demo3[INFO] 2019-01-30 09:33:34,682:     - pixel scale = 0.23,
demo3[INFO] 2019-01-30 09:33:34,684:     - WCS distortion = (-0.02,0.01),
demo3[INFO] 2019-01-30 09:33:34,684:     - WCS distortion = (-0.02,0.01),
demo3[INFO] 2019-01-30 09:33:34,684:     - WCS distortion = (-0.02,0.01),
demo3[INFO] 2019-01-30 09:33:34,684:     - WCS distortion = (-0.02,0.01),
demo3[INFO] 2019-01-30 09:33:34,686:     - Poisson noise (sky level = 2.5e+04, gain = 1.7).
demo3[INFO] 2019-01-30 09:33:34,686:     - Poisson noise (sky level = 2.5e+04, gain = 1.7).
demo3[INFO] 2019-01-30 09:33:34,686:     - Poisson noise (sky level = 2.5e+04, gain = 1.7).
demo3[INFO] 2019-01-30 09:33:34,686:     - Poisson noise (sky level = 2.5e+04, gain = 1.7).
demo3[INFO] 2019-01-30 09:33:34,688:     - Gaussian read noise (sigma = 0.30).
demo3[INFO] 2019-01-30 09:33:34,688:     - Gaussian read noise (sigma = 0.30).
demo3[INFO] 2019-01-30 09:33:34,688:     - Gaussian read noise (sigma = 0.30).
demo3[INFO] 2019-01-30 09:33:34,688:     - Gaussian read noise (sigma = 0.30).
demo3[INFO] 2019-01-30 09:33:35,350: Wrote image to 'output/demo3.fits'
demo3[INFO] 2019-01-30 09:33:35,350: Wrote image to 'output/demo3.fits'
demo3[INFO] 2019-01-30 09:33:35,350: Wrote image to 'output/demo3.fits'
demo3[INFO] 2019-01-30 09:33:35,350: Wrote image to 'output/demo3.fits'
demo3[INFO] 2019-01-30 09:33:35,352: Wrote effective PSF image to 'output/demo3_epsf.fits'
demo3[INFO] 2019-01-30 09:33:35,352: Wrote effective PSF image to 'output/demo3_epsf.fits'
demo3[INFO] 2019-01-30 09:33:35,352: Wrote effective PSF image to 'output/demo3_epsf.fits'
demo3[INFO] 2019-01-30 09:33:35,352: Wrote effective PSF image to 'output/demo3_epsf.fits'
demo3[INFO] 2019-01-30 09:33:35,353: Wrote optics-only PSF image (Nyquist sampled) to 'output/demo3_opticalpsf.fits'
demo3[INFO] 2019-01-30 09:33:35,353: Wrote optics-only PSF image (Nyquist sampled) to 'output/demo3_opticalpsf.fits'
demo3[INFO] 2019-01-30 09:33:35,353: Wrote optics-only PSF image (Nyquist sampled) to 'output/demo3_opticalpsf.fits'
demo3[INFO] 2019-01-30 09:33:35,353: Wrote optics-only PSF image (Nyquist sampled) to 'output/demo3_opticalpsf.fits'
demo3[INFO] 2019-01-30 09:33:35,363: HSM reports that the image has observed shape and size:
demo3[INFO] 2019-01-30 09:33:35,363: HSM reports that the image has observed shape and size:
demo3[INFO] 2019-01-30 09:33:35,363: HSM reports that the image has observed shape and size:
demo3[INFO] 2019-01-30 09:33:35,363: HSM reports that the image has observed shape and size:
demo3[INFO] 2019-01-30 09:33:35,365:     e1 = 0.113, e2 = 0.203, sigma = 10.156 (pixels)
demo3[INFO] 2019-01-30 09:33:35,365:     e1 = 0.113, e2 = 0.203, sigma = 10.156 (pixels)
demo3[INFO] 2019-01-30 09:33:35,365:     e1 = 0.113, e2 = 0.203, sigma = 10.156 (pixels)
demo3[INFO] 2019-01-30 09:33:35,365:     e1 = 0.113, e2 = 0.203, sigma = 10.156 (pixels)
demo3[INFO] 2019-01-30 09:33:35,367: When carrying out Regaussianization PSF correction, HSM reports
demo3[INFO] 2019-01-30 09:33:35,367: When carrying out Regaussianization PSF correction, HSM reports
demo3[INFO] 2019-01-30 09:33:35,367: When carrying out Regaussianization PSF correction, HSM reports
demo3[INFO] 2019-01-30 09:33:35,367: When carrying out Regaussianization PSF correction, HSM reports
demo3[INFO] 2019-01-30 09:33:35,369:     e1, e2 = 0.173, 0.240
demo3[INFO] 2019-01-30 09:33:35,369:     e1, e2 = 0.173, 0.240
demo3[INFO] 2019-01-30 09:33:35,369:     e1, e2 = 0.173, 0.240
demo3[INFO] 2019-01-30 09:33:35,369:     e1, e2 = 0.173, 0.240
demo3[INFO] 2019-01-30 09:33:35,370: Expected values in the limit that noise and non-Gaussianity are negligible:
demo3[INFO] 2019-01-30 09:33:35,370: Expected values in the limit that noise and non-Gaussianity are negligible:
demo3[INFO] 2019-01-30 09:33:35,370: Expected values in the limit that noise and non-Gaussianity are negligible:
demo3[INFO] 2019-01-30 09:33:35,370: Expected values in the limit that noise and non-Gaussianity are negligible:
demo3[INFO] 2019-01-30 09:33:35,372:     e1, e2 = 0.172, 0.240
demo3[INFO] 2019-01-30 09:33:35,372:     e1, e2 = 0.172, 0.240
demo3[INFO] 2019-01-30 09:33:35,372:     e1, e2 = 0.172, 0.240
demo3[INFO] 2019-01-30 09:33:35,372:     e1, e2 = 0.172, 0.240
demo3[INFO] 2019-01-30 09:33:55,035: Starting demo script 3 using:
demo3[INFO] 2019-01-30 09:33:55,035: Starting demo script 3 using:
demo3[INFO] 2019-01-30 09:33:55,035: Starting demo script 3 using:
demo3[INFO] 2019-01-30 09:33:55,035: Starting demo script 3 using:
demo3[INFO] 2019-01-30 09:33:55,035: Starting demo script 3 using:
demo3[INFO] 2019-01-30 09:33:55,036:     - Galaxy is bulge plus disk, flux = 1.0e+06
demo3[INFO] 2019-01-30 09:33:55,036:     - Galaxy is bulge plus disk, flux = 1.0e+06
demo3[INFO] 2019-01-30 09:33:55,036:     - Galaxy is bulge plus disk, flux = 1.0e+06
demo3[INFO] 2019-01-30 09:33:55,036:     - Galaxy is bulge plus disk, flux = 1.0e+06
demo3[INFO] 2019-01-30 09:33:55,036:     - Galaxy is bulge plus disk, flux = 1.0e+06
demo3[INFO] 2019-01-30 09:33:55,038:        - Bulge is Sersic (n = 3.5, re = 4.00), frac = 0.3
demo3[INFO] 2019-01-30 09:33:55,038:        - Bulge is Sersic (n = 3.5, re = 4.00), frac = 0.3
demo3[INFO] 2019-01-30 09:33:55,038:        - Bulge is Sersic (n = 3.5, re = 4.00), frac = 0.3
demo3[INFO] 2019-01-30 09:33:55,038:        - Bulge is Sersic (n = 3.5, re = 4.00), frac = 0.3
demo3[INFO] 2019-01-30 09:33:55,038:        - Bulge is Sersic (n = 3.5, re = 4.00), frac = 0.3
demo3[INFO] 2019-01-30 09:33:55,040:        - Disk is Sersic (n = 1.5, r0 = 0.85), frac = 0.7
demo3[INFO] 2019-01-30 09:33:55,040:        - Disk is Sersic (n = 1.5, r0 = 0.85), frac = 0.7
demo3[INFO] 2019-01-30 09:33:55,040:        - Disk is Sersic (n = 1.5, r0 = 0.85), frac = 0.7
demo3[INFO] 2019-01-30 09:33:55,040:        - Disk is Sersic (n = 1.5, r0 = 0.85), frac = 0.7
demo3[INFO] 2019-01-30 09:33:55,040:        - Disk is Sersic (n = 1.5, r0 = 0.85), frac = 0.7
demo3[INFO] 2019-01-30 09:33:55,042:        - Shape is q,beta (0.73,23.00 deg)
demo3[INFO] 2019-01-30 09:33:55,042:        - Shape is q,beta (0.73,23.00 deg)
demo3[INFO] 2019-01-30 09:33:55,042:        - Shape is q,beta (0.73,23.00 deg)
demo3[INFO] 2019-01-30 09:33:55,042:        - Shape is q,beta (0.73,23.00 deg)
demo3[INFO] 2019-01-30 09:33:55,042:        - Shape is q,beta (0.73,23.00 deg)
demo3[INFO] 2019-01-30 09:33:55,044:     - Atmospheric PSF is Kolmogorov with fwhm = 2.10
demo3[INFO] 2019-01-30 09:33:55,044:     - Atmospheric PSF is Kolmogorov with fwhm = 2.10
demo3[INFO] 2019-01-30 09:33:55,044:     - Atmospheric PSF is Kolmogorov with fwhm = 2.10
demo3[INFO] 2019-01-30 09:33:55,044:     - Atmospheric PSF is Kolmogorov with fwhm = 2.10
demo3[INFO] 2019-01-30 09:33:55,044:     - Atmospheric PSF is Kolmogorov with fwhm = 2.10
demo3[INFO] 2019-01-30 09:33:55,046:        - Shape is e,beta (0.13,0.81 rad)
demo3[INFO] 2019-01-30 09:33:55,046:        - Shape is e,beta (0.13,0.81 rad)
demo3[INFO] 2019-01-30 09:33:55,046:        - Shape is e,beta (0.13,0.81 rad)
demo3[INFO] 2019-01-30 09:33:55,046:        - Shape is e,beta (0.13,0.81 rad)
demo3[INFO] 2019-01-30 09:33:55,046:        - Shape is e,beta (0.13,0.81 rad)
demo3[INFO] 2019-01-30 09:33:55,048:     - Optical PSF has defocus = 0.53, astigmatism = (-0.29,0.12),
demo3[INFO] 2019-01-30 09:33:55,048:     - Optical PSF has defocus = 0.53, astigmatism = (-0.29,0.12),
demo3[INFO] 2019-01-30 09:33:55,048:     - Optical PSF has defocus = 0.53, astigmatism = (-0.29,0.12),
demo3[INFO] 2019-01-30 09:33:55,048:     - Optical PSF has defocus = 0.53, astigmatism = (-0.29,0.12),
demo3[INFO] 2019-01-30 09:33:55,048:     - Optical PSF has defocus = 0.53, astigmatism = (-0.29,0.12),
demo3[INFO] 2019-01-30 09:33:55,049:           coma = (0.64,-0.33), lambda = 800 nm, D = 4.0 m
demo3[INFO] 2019-01-30 09:33:55,049:           coma = (0.64,-0.33), lambda = 800 nm, D = 4.0 m
demo3[INFO] 2019-01-30 09:33:55,049:           coma = (0.64,-0.33), lambda = 800 nm, D = 4.0 m
demo3[INFO] 2019-01-30 09:33:55,049:           coma = (0.64,-0.33), lambda = 800 nm, D = 4.0 m
demo3[INFO] 2019-01-30 09:33:55,049:           coma = (0.64,-0.33), lambda = 800 nm, D = 4.0 m
demo3[INFO] 2019-01-30 09:33:55,051:           obscuration linear size = 0.3
demo3[INFO] 2019-01-30 09:33:55,051:           obscuration linear size = 0.3
demo3[INFO] 2019-01-30 09:33:55,051:           obscuration linear size = 0.3
demo3[INFO] 2019-01-30 09:33:55,051:           obscuration linear size = 0.3
demo3[INFO] 2019-01-30 09:33:55,051:           obscuration linear size = 0.3
demo3[INFO] 2019-01-30 09:33:55,053:     - pixel scale = 0.23,
demo3[INFO] 2019-01-30 09:33:55,053:     - pixel scale = 0.23,
demo3[INFO] 2019-01-30 09:33:55,053:     - pixel scale = 0.23,
demo3[INFO] 2019-01-30 09:33:55,053:     - pixel scale = 0.23,
demo3[INFO] 2019-01-30 09:33:55,053:     - pixel scale = 0.23,
demo3[INFO] 2019-01-30 09:33:55,055:     - WCS distortion = (-0.02,0.01),
demo3[INFO] 2019-01-30 09:33:55,055:     - WCS distortion = (-0.02,0.01),
demo3[INFO] 2019-01-30 09:33:55,055:     - WCS distortion = (-0.02,0.01),
demo3[INFO] 2019-01-30 09:33:55,055:     - WCS distortion = (-0.02,0.01),
demo3[INFO] 2019-01-30 09:33:55,055:     - WCS distortion = (-0.02,0.01),
demo3[INFO] 2019-01-30 09:33:55,056:     - Poisson noise (sky level = 2.5e+04, gain = 1.7).
demo3[INFO] 2019-01-30 09:33:55,056:     - Poisson noise (sky level = 2.5e+04, gain = 1.7).
demo3[INFO] 2019-01-30 09:33:55,056:     - Poisson noise (sky level = 2.5e+04, gain = 1.7).
demo3[INFO] 2019-01-30 09:33:55,056:     - Poisson noise (sky level = 2.5e+04, gain = 1.7).
demo3[INFO] 2019-01-30 09:33:55,056:     - Poisson noise (sky level = 2.5e+04, gain = 1.7).
demo3[INFO] 2019-01-30 09:33:55,058:     - Gaussian read noise (sigma = 0.30).
demo3[INFO] 2019-01-30 09:33:55,058:     - Gaussian read noise (sigma = 0.30).
demo3[INFO] 2019-01-30 09:33:55,058:     - Gaussian read noise (sigma = 0.30).
demo3[INFO] 2019-01-30 09:33:55,058:     - Gaussian read noise (sigma = 0.30).
demo3[INFO] 2019-01-30 09:33:55,058:     - Gaussian read noise (sigma = 0.30).
demo3[INFO] 2019-01-30 09:33:55,806: Wrote image to 'output/demo3.fits'
demo3[INFO] 2019-01-30 09:33:55,806: Wrote image to 'output/demo3.fits'
demo3[INFO] 2019-01-30 09:33:55,806: Wrote image to 'output/demo3.fits'
demo3[INFO] 2019-01-30 09:33:55,806: Wrote image to 'output/demo3.fits'
demo3[INFO] 2019-01-30 09:33:55,806: Wrote image to 'output/demo3.fits'
demo3[INFO] 2019-01-30 09:33:55,808: Wrote effective PSF image to 'output/demo3_epsf.fits'
demo3[INFO] 2019-01-30 09:33:55,808: Wrote effective PSF image to 'output/demo3_epsf.fits'
demo3[INFO] 2019-01-30 09:33:55,808: Wrote effective PSF image to 'output/demo3_epsf.fits'
demo3[INFO] 2019-01-30 09:33:55,808: Wrote effective PSF image to 'output/demo3_epsf.fits'
demo3[INFO] 2019-01-30 09:33:55,808: Wrote effective PSF image to 'output/demo3_epsf.fits'
demo3[INFO] 2019-01-30 09:33:55,810: Wrote optics-only PSF image (Nyquist sampled) to 'output/demo3_opticalpsf.fits'
demo3[INFO] 2019-01-30 09:33:55,810: Wrote optics-only PSF image (Nyquist sampled) to 'output/demo3_opticalpsf.fits'
demo3[INFO] 2019-01-30 09:33:55,810: Wrote optics-only PSF image (Nyquist sampled) to 'output/demo3_opticalpsf.fits'
demo3[INFO] 2019-01-30 09:33:55,810: Wrote optics-only PSF image (Nyquist sampled) to 'output/demo3_opticalpsf.fits'
demo3[INFO] 2019-01-30 09:33:55,810: Wrote optics-only PSF image (Nyquist sampled) to 'output/demo3_opticalpsf.fits'
demo3[INFO] 2019-01-30 09:33:55,818: HSM reports that the image has observed shape and size:
demo3[INFO] 2019-01-30 09:33:55,818: HSM reports that the image has observed shape and size:
demo3[INFO] 2019-01-30 09:33:55,818: HSM reports that the image has observed shape and size:
demo3[INFO] 2019-01-30 09:33:55,818: HSM reports that the image has observed shape and size:
demo3[INFO] 2019-01-30 09:33:55,818: HSM reports that the image has observed shape and size:
demo3[INFO] 2019-01-30 09:33:55,820:     e1 = 0.103, e2 = 0.202, sigma = 10.150 (pixels)
demo3[INFO] 2019-01-30 09:33:55,820:     e1 = 0.103, e2 = 0.202, sigma = 10.150 (pixels)
demo3[INFO] 2019-01-30 09:33:55,820:     e1 = 0.103, e2 = 0.202, sigma = 10.150 (pixels)
demo3[INFO] 2019-01-30 09:33:55,820:     e1 = 0.103, e2 = 0.202, sigma = 10.150 (pixels)
demo3[INFO] 2019-01-30 09:33:55,820:     e1 = 0.103, e2 = 0.202, sigma = 10.150 (pixels)
demo3[INFO] 2019-01-30 09:33:55,822: When carrying out Regaussianization PSF correction, HSM reports
demo3[INFO] 2019-01-30 09:33:55,822: When carrying out Regaussianization PSF correction, HSM reports
demo3[INFO] 2019-01-30 09:33:55,822: When carrying out Regaussianization PSF correction, HSM reports
demo3[INFO] 2019-01-30 09:33:55,822: When carrying out Regaussianization PSF correction, HSM reports
demo3[INFO] 2019-01-30 09:33:55,822: When carrying out Regaussianization PSF correction, HSM reports
demo3[INFO] 2019-01-30 09:33:55,823:     e1, e2 = 0.166, 0.244
demo3[INFO] 2019-01-30 09:33:55,823:     e1, e2 = 0.166, 0.244
demo3[INFO] 2019-01-30 09:33:55,823:     e1, e2 = 0.166, 0.244
demo3[INFO] 2019-01-30 09:33:55,823:     e1, e2 = 0.166, 0.244
demo3[INFO] 2019-01-30 09:33:55,823:     e1, e2 = 0.166, 0.244
demo3[INFO] 2019-01-30 09:33:55,825: Expected values in the limit that noise and non-Gaussianity are negligible:
demo3[INFO] 2019-01-30 09:33:55,825: Expected values in the limit that noise and non-Gaussianity are negligible:
demo3[INFO] 2019-01-30 09:33:55,825: Expected values in the limit that noise and non-Gaussianity are negligible:
demo3[INFO] 2019-01-30 09:33:55,825: Expected values in the limit that noise and non-Gaussianity are negligible:
demo3[INFO] 2019-01-30 09:33:55,825: Expected values in the limit that noise and non-Gaussianity are negligible:
demo3[INFO] 2019-01-30 09:33:55,827:     e1, e2 = 0.172, 0.240
demo3[INFO] 2019-01-30 09:33:55,827:     e1, e2 = 0.172, 0.240
demo3[INFO] 2019-01-30 09:33:55,827:     e1, e2 = 0.172, 0.240
demo3[INFO] 2019-01-30 09:33:55,827:     e1, e2 = 0.172, 0.240
demo3[INFO] 2019-01-30 09:33:55,827:     e1, e2 = 0.172, 0.240
demo3[INFO] 2019-01-30 09:35:59,953: Starting demo script 3 using:
demo3[INFO] 2019-01-30 09:35:59,953: Starting demo script 3 using:
demo3[INFO] 2019-01-30 09:35:59,953: Starting demo script 3 using:
demo3[INFO] 2019-01-30 09:35:59,953: Starting demo script 3 using:
demo3[INFO] 2019-01-30 09:35:59,953: Starting demo script 3 using:
demo3[INFO] 2019-01-30 09:35:59,953: Starting demo script 3 using:
demo3[INFO] 2019-01-30 09:35:59,955:     - Galaxy is bulge plus disk, flux = 1.0e+06
demo3[INFO] 2019-01-30 09:35:59,955:     - Galaxy is bulge plus disk, flux = 1.0e+06
demo3[INFO] 2019-01-30 09:35:59,955:     - Galaxy is bulge plus disk, flux = 1.0e+06
demo3[INFO] 2019-01-30 09:35:59,955:     - Galaxy is bulge plus disk, flux = 1.0e+06
demo3[INFO] 2019-01-30 09:35:59,955:     - Galaxy is bulge plus disk, flux = 1.0e+06
demo3[INFO] 2019-01-30 09:35:59,955:     - Galaxy is bulge plus disk, flux = 1.0e+06
demo3[INFO] 2019-01-30 09:35:59,957:        - Bulge is Sersic (n = 3.5, re = 4.00), frac = 0.3
demo3[INFO] 2019-01-30 09:35:59,957:        - Bulge is Sersic (n = 3.5, re = 4.00), frac = 0.3
demo3[INFO] 2019-01-30 09:35:59,957:        - Bulge is Sersic (n = 3.5, re = 4.00), frac = 0.3
demo3[INFO] 2019-01-30 09:35:59,957:        - Bulge is Sersic (n = 3.5, re = 4.00), frac = 0.3
demo3[INFO] 2019-01-30 09:35:59,957:        - Bulge is Sersic (n = 3.5, re = 4.00), frac = 0.3
demo3[INFO] 2019-01-30 09:35:59,957:        - Bulge is Sersic (n = 3.5, re = 4.00), frac = 0.3
demo3[INFO] 2019-01-30 09:35:59,959:        - Disk is Sersic (n = 1.5, r0 = 0.85), frac = 0.7
demo3[INFO] 2019-01-30 09:35:59,959:        - Disk is Sersic (n = 1.5, r0 = 0.85), frac = 0.7
demo3[INFO] 2019-01-30 09:35:59,959:        - Disk is Sersic (n = 1.5, r0 = 0.85), frac = 0.7
demo3[INFO] 2019-01-30 09:35:59,959:        - Disk is Sersic (n = 1.5, r0 = 0.85), frac = 0.7
demo3[INFO] 2019-01-30 09:35:59,959:        - Disk is Sersic (n = 1.5, r0 = 0.85), frac = 0.7
demo3[INFO] 2019-01-30 09:35:59,959:        - Disk is Sersic (n = 1.5, r0 = 0.85), frac = 0.7
demo3[INFO] 2019-01-30 09:35:59,960:        - Shape is q,beta (0.73,23.00 deg)
demo3[INFO] 2019-01-30 09:35:59,960:        - Shape is q,beta (0.73,23.00 deg)
demo3[INFO] 2019-01-30 09:35:59,960:        - Shape is q,beta (0.73,23.00 deg)
demo3[INFO] 2019-01-30 09:35:59,960:        - Shape is q,beta (0.73,23.00 deg)
demo3[INFO] 2019-01-30 09:35:59,960:        - Shape is q,beta (0.73,23.00 deg)
demo3[INFO] 2019-01-30 09:35:59,960:        - Shape is q,beta (0.73,23.00 deg)
demo3[INFO] 2019-01-30 09:35:59,962:     - Atmospheric PSF is Kolmogorov with fwhm = 2.10
demo3[INFO] 2019-01-30 09:35:59,962:     - Atmospheric PSF is Kolmogorov with fwhm = 2.10
demo3[INFO] 2019-01-30 09:35:59,962:     - Atmospheric PSF is Kolmogorov with fwhm = 2.10
demo3[INFO] 2019-01-30 09:35:59,962:     - Atmospheric PSF is Kolmogorov with fwhm = 2.10
demo3[INFO] 2019-01-30 09:35:59,962:     - Atmospheric PSF is Kolmogorov with fwhm = 2.10
demo3[INFO] 2019-01-30 09:35:59,962:     - Atmospheric PSF is Kolmogorov with fwhm = 2.10
demo3[INFO] 2019-01-30 09:35:59,964:        - Shape is e,beta (0.13,0.81 rad)
demo3[INFO] 2019-01-30 09:35:59,964:        - Shape is e,beta (0.13,0.81 rad)
demo3[INFO] 2019-01-30 09:35:59,964:        - Shape is e,beta (0.13,0.81 rad)
demo3[INFO] 2019-01-30 09:35:59,964:        - Shape is e,beta (0.13,0.81 rad)
demo3[INFO] 2019-01-30 09:35:59,964:        - Shape is e,beta (0.13,0.81 rad)
demo3[INFO] 2019-01-30 09:35:59,964:        - Shape is e,beta (0.13,0.81 rad)
demo3[INFO] 2019-01-30 09:35:59,966:     - Optical PSF has defocus = 0.53, astigmatism = (-0.29,0.12),
demo3[INFO] 2019-01-30 09:35:59,966:     - Optical PSF has defocus = 0.53, astigmatism = (-0.29,0.12),
demo3[INFO] 2019-01-30 09:35:59,966:     - Optical PSF has defocus = 0.53, astigmatism = (-0.29,0.12),
demo3[INFO] 2019-01-30 09:35:59,966:     - Optical PSF has defocus = 0.53, astigmatism = (-0.29,0.12),
demo3[INFO] 2019-01-30 09:35:59,966:     - Optical PSF has defocus = 0.53, astigmatism = (-0.29,0.12),
demo3[INFO] 2019-01-30 09:35:59,966:     - Optical PSF has defocus = 0.53, astigmatism = (-0.29,0.12),
demo3[INFO] 2019-01-30 09:35:59,968:           coma = (0.64,-0.33), lambda = 800 nm, D = 4.0 m
demo3[INFO] 2019-01-30 09:35:59,968:           coma = (0.64,-0.33), lambda = 800 nm, D = 4.0 m
demo3[INFO] 2019-01-30 09:35:59,968:           coma = (0.64,-0.33), lambda = 800 nm, D = 4.0 m
demo3[INFO] 2019-01-30 09:35:59,968:           coma = (0.64,-0.33), lambda = 800 nm, D = 4.0 m
demo3[INFO] 2019-01-30 09:35:59,968:           coma = (0.64,-0.33), lambda = 800 nm, D = 4.0 m
demo3[INFO] 2019-01-30 09:35:59,968:           coma = (0.64,-0.33), lambda = 800 nm, D = 4.0 m
demo3[INFO] 2019-01-30 09:35:59,970:           obscuration linear size = 0.3
demo3[INFO] 2019-01-30 09:35:59,970:           obscuration linear size = 0.3
demo3[INFO] 2019-01-30 09:35:59,970:           obscuration linear size = 0.3
demo3[INFO] 2019-01-30 09:35:59,970:           obscuration linear size = 0.3
demo3[INFO] 2019-01-30 09:35:59,970:           obscuration linear size = 0.3
demo3[INFO] 2019-01-30 09:35:59,970:           obscuration linear size = 0.3
demo3[INFO] 2019-01-30 09:35:59,971:     - pixel scale = 0.23,
demo3[INFO] 2019-01-30 09:35:59,971:     - pixel scale = 0.23,
demo3[INFO] 2019-01-30 09:35:59,971:     - pixel scale = 0.23,
demo3[INFO] 2019-01-30 09:35:59,971:     - pixel scale = 0.23,
demo3[INFO] 2019-01-30 09:35:59,971:     - pixel scale = 0.23,
demo3[INFO] 2019-01-30 09:35:59,971:     - pixel scale = 0.23,
demo3[INFO] 2019-01-30 09:35:59,973:     - WCS distortion = (-0.02,0.01),
demo3[INFO] 2019-01-30 09:35:59,973:     - WCS distortion = (-0.02,0.01),
demo3[INFO] 2019-01-30 09:35:59,973:     - WCS distortion = (-0.02,0.01),
demo3[INFO] 2019-01-30 09:35:59,973:     - WCS distortion = (-0.02,0.01),
demo3[INFO] 2019-01-30 09:35:59,973:     - WCS distortion = (-0.02,0.01),
demo3[INFO] 2019-01-30 09:35:59,973:     - WCS distortion = (-0.02,0.01),
demo3[INFO] 2019-01-30 09:35:59,975:     - Poisson noise (sky level = 2.5e+04, gain = 1.7).
demo3[INFO] 2019-01-30 09:35:59,975:     - Poisson noise (sky level = 2.5e+04, gain = 1.7).
demo3[INFO] 2019-01-30 09:35:59,975:     - Poisson noise (sky level = 2.5e+04, gain = 1.7).
demo3[INFO] 2019-01-30 09:35:59,975:     - Poisson noise (sky level = 2.5e+04, gain = 1.7).
demo3[INFO] 2019-01-30 09:35:59,975:     - Poisson noise (sky level = 2.5e+04, gain = 1.7).
demo3[INFO] 2019-01-30 09:35:59,975:     - Poisson noise (sky level = 2.5e+04, gain = 1.7).
demo3[INFO] 2019-01-30 09:35:59,977:     - Gaussian read noise (sigma = 0.30).
demo3[INFO] 2019-01-30 09:35:59,977:     - Gaussian read noise (sigma = 0.30).
demo3[INFO] 2019-01-30 09:35:59,977:     - Gaussian read noise (sigma = 0.30).
demo3[INFO] 2019-01-30 09:35:59,977:     - Gaussian read noise (sigma = 0.30).
demo3[INFO] 2019-01-30 09:35:59,977:     - Gaussian read noise (sigma = 0.30).
demo3[INFO] 2019-01-30 09:35:59,977:     - Gaussian read noise (sigma = 0.30).
demo3[INFO] 2019-01-30 09:36:00,961: Wrote image to 'output/demo3.fits'
demo3[INFO] 2019-01-30 09:36:00,961: Wrote image to 'output/demo3.fits'
demo3[INFO] 2019-01-30 09:36:00,961: Wrote image to 'output/demo3.fits'
demo3[INFO] 2019-01-30 09:36:00,961: Wrote image to 'output/demo3.fits'
demo3[INFO] 2019-01-30 09:36:00,961: Wrote image to 'output/demo3.fits'
demo3[INFO] 2019-01-30 09:36:00,961: Wrote image to 'output/demo3.fits'
demo3[INFO] 2019-01-30 09:36:00,963: Wrote effective PSF image to 'output/demo3_epsf.fits'
demo3[INFO] 2019-01-30 09:36:00,963: Wrote effective PSF image to 'output/demo3_epsf.fits'
demo3[INFO] 2019-01-30 09:36:00,963: Wrote effective PSF image to 'output/demo3_epsf.fits'
demo3[INFO] 2019-01-30 09:36:00,963: Wrote effective PSF image to 'output/demo3_epsf.fits'
demo3[INFO] 2019-01-30 09:36:00,963: Wrote effective PSF image to 'output/demo3_epsf.fits'
demo3[INFO] 2019-01-30 09:36:00,963: Wrote effective PSF image to 'output/demo3_epsf.fits'
demo3[INFO] 2019-01-30 09:36:00,965: Wrote optics-only PSF image (Nyquist sampled) to 'output/demo3_opticalpsf.fits'
demo3[INFO] 2019-01-30 09:36:00,965: Wrote optics-only PSF image (Nyquist sampled) to 'output/demo3_opticalpsf.fits'
demo3[INFO] 2019-01-30 09:36:00,965: Wrote optics-only PSF image (Nyquist sampled) to 'output/demo3_opticalpsf.fits'
demo3[INFO] 2019-01-30 09:36:00,965: Wrote optics-only PSF image (Nyquist sampled) to 'output/demo3_opticalpsf.fits'
demo3[INFO] 2019-01-30 09:36:00,965: Wrote optics-only PSF image (Nyquist sampled) to 'output/demo3_opticalpsf.fits'
demo3[INFO] 2019-01-30 09:36:00,965: Wrote optics-only PSF image (Nyquist sampled) to 'output/demo3_opticalpsf.fits'
demo3[INFO] 2019-01-30 09:36:00,976: HSM reports that the image has observed shape and size:
demo3[INFO] 2019-01-30 09:36:00,976: HSM reports that the image has observed shape and size:
demo3[INFO] 2019-01-30 09:36:00,976: HSM reports that the image has observed shape and size:
demo3[INFO] 2019-01-30 09:36:00,976: HSM reports that the image has observed shape and size:
demo3[INFO] 2019-01-30 09:36:00,976: HSM reports that the image has observed shape and size:
demo3[INFO] 2019-01-30 09:36:00,976: HSM reports that the image has observed shape and size:
demo3[INFO] 2019-01-30 09:36:00,978:     e1 = 0.103, e2 = 0.202, sigma = 10.150 (pixels)
demo3[INFO] 2019-01-30 09:36:00,978:     e1 = 0.103, e2 = 0.202, sigma = 10.150 (pixels)
demo3[INFO] 2019-01-30 09:36:00,978:     e1 = 0.103, e2 = 0.202, sigma = 10.150 (pixels)
demo3[INFO] 2019-01-30 09:36:00,978:     e1 = 0.103, e2 = 0.202, sigma = 10.150 (pixels)
demo3[INFO] 2019-01-30 09:36:00,978:     e1 = 0.103, e2 = 0.202, sigma = 10.150 (pixels)
demo3[INFO] 2019-01-30 09:36:00,978:     e1 = 0.103, e2 = 0.202, sigma = 10.150 (pixels)
demo3[INFO] 2019-01-30 09:36:00,980: When carrying out Regaussianization PSF correction, HSM reports
demo3[INFO] 2019-01-30 09:36:00,980: When carrying out Regaussianization PSF correction, HSM reports
demo3[INFO] 2019-01-30 09:36:00,980: When carrying out Regaussianization PSF correction, HSM reports
demo3[INFO] 2019-01-30 09:36:00,980: When carrying out Regaussianization PSF correction, HSM reports
demo3[INFO] 2019-01-30 09:36:00,980: When carrying out Regaussianization PSF correction, HSM reports
demo3[INFO] 2019-01-30 09:36:00,980: When carrying out Regaussianization PSF correction, HSM reports
demo3[INFO] 2019-01-30 09:36:00,982:     e1, e2 = 0.166, 0.244
demo3[INFO] 2019-01-30 09:36:00,982:     e1, e2 = 0.166, 0.244
demo3[INFO] 2019-01-30 09:36:00,982:     e1, e2 = 0.166, 0.244
demo3[INFO] 2019-01-30 09:36:00,982:     e1, e2 = 0.166, 0.244
demo3[INFO] 2019-01-30 09:36:00,982:     e1, e2 = 0.166, 0.244
demo3[INFO] 2019-01-30 09:36:00,982:     e1, e2 = 0.166, 0.244
demo3[INFO] 2019-01-30 09:36:00,984: Expected values in the limit that noise and non-Gaussianity are negligible:
demo3[INFO] 2019-01-30 09:36:00,984: Expected values in the limit that noise and non-Gaussianity are negligible:
demo3[INFO] 2019-01-30 09:36:00,984: Expected values in the limit that noise and non-Gaussianity are negligible:
demo3[INFO] 2019-01-30 09:36:00,984: Expected values in the limit that noise and non-Gaussianity are negligible:
demo3[INFO] 2019-01-30 09:36:00,984: Expected values in the limit that noise and non-Gaussianity are negligible:
demo3[INFO] 2019-01-30 09:36:00,984: Expected values in the limit that noise and non-Gaussianity are negligible:
demo3[INFO] 2019-01-30 09:36:00,986:     e1, e2 = 0.172, 0.240
demo3[INFO] 2019-01-30 09:36:00,986:     e1, e2 = 0.172, 0.240
demo3[INFO] 2019-01-30 09:36:00,986:     e1, e2 = 0.172, 0.240
demo3[INFO] 2019-01-30 09:36:00,986:     e1, e2 = 0.172, 0.240
demo3[INFO] 2019-01-30 09:36:00,986:     e1, e2 = 0.172, 0.240
demo3[INFO] 2019-01-30 09:36:00,986:     e1, e2 = 0.172, 0.240
demo3[INFO] 2019-01-30 09:38:53,299: Starting demo script 3 using:
demo3[INFO] 2019-01-30 09:38:53,299: Starting demo script 3 using:
demo3[INFO] 2019-01-30 09:38:53,299: Starting demo script 3 using:
demo3[INFO] 2019-01-30 09:38:53,299: Starting demo script 3 using:
demo3[INFO] 2019-01-30 09:38:53,299: Starting demo script 3 using:
demo3[INFO] 2019-01-30 09:38:53,299: Starting demo script 3 using:
demo3[INFO] 2019-01-30 09:38:53,299: Starting demo script 3 using:
demo3[INFO] 2019-01-30 09:38:53,301:     - Galaxy is bulge plus disk, flux = 1.0e+06
demo3[INFO] 2019-01-30 09:38:53,301:     - Galaxy is bulge plus disk, flux = 1.0e+06
demo3[INFO] 2019-01-30 09:38:53,301:     - Galaxy is bulge plus disk, flux = 1.0e+06
demo3[INFO] 2019-01-30 09:38:53,301:     - Galaxy is bulge plus disk, flux = 1.0e+06
demo3[INFO] 2019-01-30 09:38:53,301:     - Galaxy is bulge plus disk, flux = 1.0e+06
demo3[INFO] 2019-01-30 09:38:53,301:     - Galaxy is bulge plus disk, flux = 1.0e+06
demo3[INFO] 2019-01-30 09:38:53,301:     - Galaxy is bulge plus disk, flux = 1.0e+06
demo3[INFO] 2019-01-30 09:38:53,303:        - Bulge is Sersic (n = 3.5, re = 4.00), frac = 0.3
demo3[INFO] 2019-01-30 09:38:53,303:        - Bulge is Sersic (n = 3.5, re = 4.00), frac = 0.3
demo3[INFO] 2019-01-30 09:38:53,303:        - Bulge is Sersic (n = 3.5, re = 4.00), frac = 0.3
demo3[INFO] 2019-01-30 09:38:53,303:        - Bulge is Sersic (n = 3.5, re = 4.00), frac = 0.3
demo3[INFO] 2019-01-30 09:38:53,303:        - Bulge is Sersic (n = 3.5, re = 4.00), frac = 0.3
demo3[INFO] 2019-01-30 09:38:53,303:        - Bulge is Sersic (n = 3.5, re = 4.00), frac = 0.3
demo3[INFO] 2019-01-30 09:38:53,303:        - Bulge is Sersic (n = 3.5, re = 4.00), frac = 0.3
demo3[INFO] 2019-01-30 09:38:53,305:        - Disk is Sersic (n = 1.5, r0 = 0.85), frac = 0.7
demo3[INFO] 2019-01-30 09:38:53,305:        - Disk is Sersic (n = 1.5, r0 = 0.85), frac = 0.7
demo3[INFO] 2019-01-30 09:38:53,305:        - Disk is Sersic (n = 1.5, r0 = 0.85), frac = 0.7
demo3[INFO] 2019-01-30 09:38:53,305:        - Disk is Sersic (n = 1.5, r0 = 0.85), frac = 0.7
demo3[INFO] 2019-01-30 09:38:53,305:        - Disk is Sersic (n = 1.5, r0 = 0.85), frac = 0.7
demo3[INFO] 2019-01-30 09:38:53,305:        - Disk is Sersic (n = 1.5, r0 = 0.85), frac = 0.7
demo3[INFO] 2019-01-30 09:38:53,305:        - Disk is Sersic (n = 1.5, r0 = 0.85), frac = 0.7
demo3[INFO] 2019-01-30 09:38:53,307:        - Shape is q,beta (0.73,23.00 deg)
demo3[INFO] 2019-01-30 09:38:53,307:        - Shape is q,beta (0.73,23.00 deg)
demo3[INFO] 2019-01-30 09:38:53,307:        - Shape is q,beta (0.73,23.00 deg)
demo3[INFO] 2019-01-30 09:38:53,307:        - Shape is q,beta (0.73,23.00 deg)
demo3[INFO] 2019-01-30 09:38:53,307:        - Shape is q,beta (0.73,23.00 deg)
demo3[INFO] 2019-01-30 09:38:53,307:        - Shape is q,beta (0.73,23.00 deg)
demo3[INFO] 2019-01-30 09:38:53,307:        - Shape is q,beta (0.73,23.00 deg)
demo3[INFO] 2019-01-30 09:38:53,309:     - Atmospheric PSF is Kolmogorov with fwhm = 2.10
demo3[INFO] 2019-01-30 09:38:53,309:     - Atmospheric PSF is Kolmogorov with fwhm = 2.10
demo3[INFO] 2019-01-30 09:38:53,309:     - Atmospheric PSF is Kolmogorov with fwhm = 2.10
demo3[INFO] 2019-01-30 09:38:53,309:     - Atmospheric PSF is Kolmogorov with fwhm = 2.10
demo3[INFO] 2019-01-30 09:38:53,309:     - Atmospheric PSF is Kolmogorov with fwhm = 2.10
demo3[INFO] 2019-01-30 09:38:53,309:     - Atmospheric PSF is Kolmogorov with fwhm = 2.10
demo3[INFO] 2019-01-30 09:38:53,309:     - Atmospheric PSF is Kolmogorov with fwhm = 2.10
demo3[INFO] 2019-01-30 09:38:53,310:        - Shape is e,beta (0.13,0.81 rad)
demo3[INFO] 2019-01-30 09:38:53,310:        - Shape is e,beta (0.13,0.81 rad)
demo3[INFO] 2019-01-30 09:38:53,310:        - Shape is e,beta (0.13,0.81 rad)
demo3[INFO] 2019-01-30 09:38:53,310:        - Shape is e,beta (0.13,0.81 rad)
demo3[INFO] 2019-01-30 09:38:53,310:        - Shape is e,beta (0.13,0.81 rad)
demo3[INFO] 2019-01-30 09:38:53,310:        - Shape is e,beta (0.13,0.81 rad)
demo3[INFO] 2019-01-30 09:38:53,310:        - Shape is e,beta (0.13,0.81 rad)
demo3[INFO] 2019-01-30 09:38:53,312:     - Optical PSF has defocus = 0.53, astigmatism = (-0.29,0.12),
demo3[INFO] 2019-01-30 09:38:53,312:     - Optical PSF has defocus = 0.53, astigmatism = (-0.29,0.12),
demo3[INFO] 2019-01-30 09:38:53,312:     - Optical PSF has defocus = 0.53, astigmatism = (-0.29,0.12),
demo3[INFO] 2019-01-30 09:38:53,312:     - Optical PSF has defocus = 0.53, astigmatism = (-0.29,0.12),
demo3[INFO] 2019-01-30 09:38:53,312:     - Optical PSF has defocus = 0.53, astigmatism = (-0.29,0.12),
demo3[INFO] 2019-01-30 09:38:53,312:     - Optical PSF has defocus = 0.53, astigmatism = (-0.29,0.12),
demo3[INFO] 2019-01-30 09:38:53,312:     - Optical PSF has defocus = 0.53, astigmatism = (-0.29,0.12),
demo3[INFO] 2019-01-30 09:38:53,314:           coma = (0.64,-0.33), lambda = 800 nm, D = 4.0 m
demo3[INFO] 2019-01-30 09:38:53,314:           coma = (0.64,-0.33), lambda = 800 nm, D = 4.0 m
demo3[INFO] 2019-01-30 09:38:53,314:           coma = (0.64,-0.33), lambda = 800 nm, D = 4.0 m
demo3[INFO] 2019-01-30 09:38:53,314:           coma = (0.64,-0.33), lambda = 800 nm, D = 4.0 m
demo3[INFO] 2019-01-30 09:38:53,314:           coma = (0.64,-0.33), lambda = 800 nm, D = 4.0 m
demo3[INFO] 2019-01-30 09:38:53,314:           coma = (0.64,-0.33), lambda = 800 nm, D = 4.0 m
demo3[INFO] 2019-01-30 09:38:53,314:           coma = (0.64,-0.33), lambda = 800 nm, D = 4.0 m
demo3[INFO] 2019-01-30 09:38:53,316:           obscuration linear size = 0.3
demo3[INFO] 2019-01-30 09:38:53,316:           obscuration linear size = 0.3
demo3[INFO] 2019-01-30 09:38:53,316:           obscuration linear size = 0.3
demo3[INFO] 2019-01-30 09:38:53,316:           obscuration linear size = 0.3
demo3[INFO] 2019-01-30 09:38:53,316:           obscuration linear size = 0.3
demo3[INFO] 2019-01-30 09:38:53,316:           obscuration linear size = 0.3
demo3[INFO] 2019-01-30 09:38:53,316:           obscuration linear size = 0.3
demo3[INFO] 2019-01-30 09:38:53,318:     - pixel scale = 0.23,
demo3[INFO] 2019-01-30 09:38:53,318:     - pixel scale = 0.23,
demo3[INFO] 2019-01-30 09:38:53,318:     - pixel scale = 0.23,
demo3[INFO] 2019-01-30 09:38:53,318:     - pixel scale = 0.23,
demo3[INFO] 2019-01-30 09:38:53,318:     - pixel scale = 0.23,
demo3[INFO] 2019-01-30 09:38:53,318:     - pixel scale = 0.23,
demo3[INFO] 2019-01-30 09:38:53,318:     - pixel scale = 0.23,
demo3[INFO] 2019-01-30 09:38:53,320:     - WCS distortion = (-0.02,0.01),
demo3[INFO] 2019-01-30 09:38:53,320:     - WCS distortion = (-0.02,0.01),
demo3[INFO] 2019-01-30 09:38:53,320:     - WCS distortion = (-0.02,0.01),
demo3[INFO] 2019-01-30 09:38:53,320:     - WCS distortion = (-0.02,0.01),
demo3[INFO] 2019-01-30 09:38:53,320:     - WCS distortion = (-0.02,0.01),
demo3[INFO] 2019-01-30 09:38:53,320:     - WCS distortion = (-0.02,0.01),
demo3[INFO] 2019-01-30 09:38:53,320:     - WCS distortion = (-0.02,0.01),
demo3[INFO] 2019-01-30 09:38:53,322:     - Poisson noise (sky level = 2.5e+04, gain = 1.7).
demo3[INFO] 2019-01-30 09:38:53,322:     - Poisson noise (sky level = 2.5e+04, gain = 1.7).
demo3[INFO] 2019-01-30 09:38:53,322:     - Poisson noise (sky level = 2.5e+04, gain = 1.7).
demo3[INFO] 2019-01-30 09:38:53,322:     - Poisson noise (sky level = 2.5e+04, gain = 1.7).
demo3[INFO] 2019-01-30 09:38:53,322:     - Poisson noise (sky level = 2.5e+04, gain = 1.7).
demo3[INFO] 2019-01-30 09:38:53,322:     - Poisson noise (sky level = 2.5e+04, gain = 1.7).
demo3[INFO] 2019-01-30 09:38:53,322:     - Poisson noise (sky level = 2.5e+04, gain = 1.7).
demo3[INFO] 2019-01-30 09:38:53,323:     - Gaussian read noise (sigma = 0.30).
demo3[INFO] 2019-01-30 09:38:53,323:     - Gaussian read noise (sigma = 0.30).
demo3[INFO] 2019-01-30 09:38:53,323:     - Gaussian read noise (sigma = 0.30).
demo3[INFO] 2019-01-30 09:38:53,323:     - Gaussian read noise (sigma = 0.30).
demo3[INFO] 2019-01-30 09:38:53,323:     - Gaussian read noise (sigma = 0.30).
demo3[INFO] 2019-01-30 09:38:53,323:     - Gaussian read noise (sigma = 0.30).
demo3[INFO] 2019-01-30 09:38:53,323:     - Gaussian read noise (sigma = 0.30).
demo3[INFO] 2019-01-30 09:38:54,382: Wrote image to 'output/demo3.fits'
demo3[INFO] 2019-01-30 09:38:54,382: Wrote image to 'output/demo3.fits'
demo3[INFO] 2019-01-30 09:38:54,382: Wrote image to 'output/demo3.fits'
demo3[INFO] 2019-01-30 09:38:54,382: Wrote image to 'output/demo3.fits'
demo3[INFO] 2019-01-30 09:38:54,382: Wrote image to 'output/demo3.fits'
demo3[INFO] 2019-01-30 09:38:54,382: Wrote image to 'output/demo3.fits'
demo3[INFO] 2019-01-30 09:38:54,382: Wrote image to 'output/demo3.fits'
demo3[INFO] 2019-01-30 09:38:54,384: Wrote effective PSF image to 'output/demo3_epsf.fits'
demo3[INFO] 2019-01-30 09:38:54,384: Wrote effective PSF image to 'output/demo3_epsf.fits'
demo3[INFO] 2019-01-30 09:38:54,384: Wrote effective PSF image to 'output/demo3_epsf.fits'
demo3[INFO] 2019-01-30 09:38:54,384: Wrote effective PSF image to 'output/demo3_epsf.fits'
demo3[INFO] 2019-01-30 09:38:54,384: Wrote effective PSF image to 'output/demo3_epsf.fits'
demo3[INFO] 2019-01-30 09:38:54,384: Wrote effective PSF image to 'output/demo3_epsf.fits'
demo3[INFO] 2019-01-30 09:38:54,384: Wrote effective PSF image to 'output/demo3_epsf.fits'
demo3[INFO] 2019-01-30 09:38:54,386: Wrote optics-only PSF image (Nyquist sampled) to 'output/demo3_opticalpsf.fits'
demo3[INFO] 2019-01-30 09:38:54,386: Wrote optics-only PSF image (Nyquist sampled) to 'output/demo3_opticalpsf.fits'
demo3[INFO] 2019-01-30 09:38:54,386: Wrote optics-only PSF image (Nyquist sampled) to 'output/demo3_opticalpsf.fits'
demo3[INFO] 2019-01-30 09:38:54,386: Wrote optics-only PSF image (Nyquist sampled) to 'output/demo3_opticalpsf.fits'
demo3[INFO] 2019-01-30 09:38:54,386: Wrote optics-only PSF image (Nyquist sampled) to 'output/demo3_opticalpsf.fits'
demo3[INFO] 2019-01-30 09:38:54,386: Wrote optics-only PSF image (Nyquist sampled) to 'output/demo3_opticalpsf.fits'
demo3[INFO] 2019-01-30 09:38:54,386: Wrote optics-only PSF image (Nyquist sampled) to 'output/demo3_opticalpsf.fits'
demo3[INFO] 2019-01-30 09:38:54,397: HSM reports that the image has observed shape and size:
demo3[INFO] 2019-01-30 09:38:54,397: HSM reports that the image has observed shape and size:
demo3[INFO] 2019-01-30 09:38:54,397: HSM reports that the image has observed shape and size:
demo3[INFO] 2019-01-30 09:38:54,397: HSM reports that the image has observed shape and size:
demo3[INFO] 2019-01-30 09:38:54,397: HSM reports that the image has observed shape and size:
demo3[INFO] 2019-01-30 09:38:54,397: HSM reports that the image has observed shape and size:
demo3[INFO] 2019-01-30 09:38:54,397: HSM reports that the image has observed shape and size:
demo3[INFO] 2019-01-30 09:38:54,399:     e1 = 0.103, e2 = 0.202, sigma = 10.150 (pixels)
demo3[INFO] 2019-01-30 09:38:54,399:     e1 = 0.103, e2 = 0.202, sigma = 10.150 (pixels)
demo3[INFO] 2019-01-30 09:38:54,399:     e1 = 0.103, e2 = 0.202, sigma = 10.150 (pixels)
demo3[INFO] 2019-01-30 09:38:54,399:     e1 = 0.103, e2 = 0.202, sigma = 10.150 (pixels)
demo3[INFO] 2019-01-30 09:38:54,399:     e1 = 0.103, e2 = 0.202, sigma = 10.150 (pixels)
demo3[INFO] 2019-01-30 09:38:54,399:     e1 = 0.103, e2 = 0.202, sigma = 10.150 (pixels)
demo3[INFO] 2019-01-30 09:38:54,399:     e1 = 0.103, e2 = 0.202, sigma = 10.150 (pixels)
demo3[INFO] 2019-01-30 09:38:54,401: When carrying out Regaussianization PSF correction, HSM reports
demo3[INFO] 2019-01-30 09:38:54,401: When carrying out Regaussianization PSF correction, HSM reports
demo3[INFO] 2019-01-30 09:38:54,401: When carrying out Regaussianization PSF correction, HSM reports
demo3[INFO] 2019-01-30 09:38:54,401: When carrying out Regaussianization PSF correction, HSM reports
demo3[INFO] 2019-01-30 09:38:54,401: When carrying out Regaussianization PSF correction, HSM reports
demo3[INFO] 2019-01-30 09:38:54,401: When carrying out Regaussianization PSF correction, HSM reports
demo3[INFO] 2019-01-30 09:38:54,401: When carrying out Regaussianization PSF correction, HSM reports
demo3[INFO] 2019-01-30 09:38:54,403:     e1, e2 = 0.166, 0.244
demo3[INFO] 2019-01-30 09:38:54,403:     e1, e2 = 0.166, 0.244
demo3[INFO] 2019-01-30 09:38:54,403:     e1, e2 = 0.166, 0.244
demo3[INFO] 2019-01-30 09:38:54,403:     e1, e2 = 0.166, 0.244
demo3[INFO] 2019-01-30 09:38:54,403:     e1, e2 = 0.166, 0.244
demo3[INFO] 2019-01-30 09:38:54,403:     e1, e2 = 0.166, 0.244
demo3[INFO] 2019-01-30 09:38:54,403:     e1, e2 = 0.166, 0.244
demo3[INFO] 2019-01-30 09:38:54,405: Expected values in the limit that noise and non-Gaussianity are negligible:
demo3[INFO] 2019-01-30 09:38:54,405: Expected values in the limit that noise and non-Gaussianity are negligible:
demo3[INFO] 2019-01-30 09:38:54,405: Expected values in the limit that noise and non-Gaussianity are negligible:
demo3[INFO] 2019-01-30 09:38:54,405: Expected values in the limit that noise and non-Gaussianity are negligible:
demo3[INFO] 2019-01-30 09:38:54,405: Expected values in the limit that noise and non-Gaussianity are negligible:
demo3[INFO] 2019-01-30 09:38:54,405: Expected values in the limit that noise and non-Gaussianity are negligible:
demo3[INFO] 2019-01-30 09:38:54,405: Expected values in the limit that noise and non-Gaussianity are negligible:
demo3[INFO] 2019-01-30 09:38:54,407:     e1, e2 = 0.172, 0.240
demo3[INFO] 2019-01-30 09:38:54,407:     e1, e2 = 0.172, 0.240
demo3[INFO] 2019-01-30 09:38:54,407:     e1, e2 = 0.172, 0.240
demo3[INFO] 2019-01-30 09:38:54,407:     e1, e2 = 0.172, 0.240
demo3[INFO] 2019-01-30 09:38:54,407:     e1, e2 = 0.172, 0.240
demo3[INFO] 2019-01-30 09:38:54,407:     e1, e2 = 0.172, 0.240
demo3[INFO] 2019-01-30 09:38:54,407:     e1, e2 = 0.172, 0.240
